C:\USERS\PC2\DOCUMENTS\VISUAL STUDIO 2012\PROJECTS\LIBARTNET\ARTNETROUTER\DEBUG\ARTNETROUTER.PCH
C:\USERS\PC2\DOCUMENTS\VISUAL STUDIO 2012\PROJECTS\LIBARTNET\ARTNETROUTER\DEBUG\STDAFX.OBJ
C:\USERS\PC2\DOCUMENTS\VISUAL STUDIO 2012\PROJECTS\LIBARTNET\ARTNETROUTER\DEBUG\VC110.PDB
C:\USERS\PC2\DOCUMENTS\VISUAL STUDIO 2012\PROJECTS\LIBARTNET\ARTNETROUTER\DEBUG\ARTNETROUTER.OBJ
c:\Users\PC2\documents\visual studio 2012\Projects\libArtNet\ArtNetRouter\Debug\ArtNetRouter.obj
c:\Users\PC2\documents\visual studio 2012\Projects\libArtNet\ArtNetRouter\Debug\stdafx.obj
c:\Users\PC2\documents\visual studio 2012\Projects\libArtNet\ArtNetRouter\Debug\cl.command.1.tlog
c:\Users\PC2\documents\visual studio 2012\Projects\libArtNet\ArtNetRouter\Debug\CL.read.1.tlog
c:\Users\PC2\documents\visual studio 2012\Projects\libArtNet\ArtNetRouter\Debug\CL.write.1.tlog
c:\Users\PC2\documents\visual studio 2012\Projects\libArtNet\ArtNetRouter\Debug\link-cvtres.read.1.tlog
c:\Users\PC2\documents\visual studio 2012\Projects\libArtNet\ArtNetRouter\Debug\link-cvtres.write.1.tlog
c:\Users\PC2\documents\visual studio 2012\Projects\libArtNet\ArtNetRouter\Debug\link-rc.read.1.tlog
c:\Users\PC2\documents\visual studio 2012\Projects\libArtNet\ArtNetRouter\Debug\link-rc.write.1.tlog
c:\Users\PC2\documents\visual studio 2012\Projects\libArtNet\ArtNetRouter\Debug\link.command.1.tlog
c:\Users\PC2\documents\visual studio 2012\Projects\libArtNet\ArtNetRouter\Debug\link.read.1.tlog
c:\Users\PC2\documents\visual studio 2012\Projects\libArtNet\ArtNetRouter\Debug\link.write.1.tlog
c:\Users\PC2\documents\visual studio 2012\Projects\libArtNet\ArtNetRouter\Debug\ArtNetRouter.pch
c:\Users\PC2\documents\visual studio 2012\Projects\libArtNet\ArtNetRouter\Debug\vc110.idb
c:\Users\PC2\documents\visual studio 2012\Projects\libArtNet\ArtNetRouter\Debug\vc110.pdb
c:\users\pc2\documents\visual studio 2012\Projects\libArtNet\Debug\ArtNetRouter.pdb
